<?xml version="1.0" encoding="UTF-8"?>
<testsuite xmlns:xsi="http://www.w3.org/2001/XMLSchema-instance" xsi:noNamespaceSchemaLocation="https://maven.apache.org/surefire/maven-surefire-plugin/xsd/surefire-test-report.xsd" name="matrixmultiplication.BasicMultiplierTest" time="210.588" tests="300" errors="0" skipped="0" failures="0">
  <properties>
    <property name="sun.desktop" value="gnome"/>
    <property name="awt.toolkit" value="sun.awt.X11.XToolkit"/>
    <property name="file.encoding.pkg" value="sun.io"/>
    <property name="java.specification.version" value="1.8"/>
    <property name="sun.cpu.isalist" value=""/>
    <property name="sun.jnu.encoding" value="UTF-8"/>
    <property name="java.class.path" value="/cs/home/yk30/Documents/cs3052/CS3052p1/practical1/target/test-classes:/cs/home/yk30/Documents/cs3052/CS3052p1/practical1/target/classes:/cs/home/yk30/.m2/repository/junit/junit/4.12/junit-4.12.jar:/cs/home/yk30/.m2/repository/org/hamcrest/hamcrest-core/1.3/hamcrest-core-1.3.jar:/cs/home/yk30/.m2/repository/com/carrotsearch/junit-benchmarks/0.7.2/junit-benchmarks-0.7.2.jar:/cs/home/yk30/.m2/repository/pl/pragmatists/JUnitParams/1.0.5/JUnitParams-1.0.5.jar:/cs/home/yk30/.m2/repository/com/h2database/h2/1.4.196/h2-1.4.196.jar:/cs/home/yk30/.m2/repository/org/apache/commons/commons-lang3/3.0/commons-lang3-3.0.jar:/cs/home/yk30/.m2/repository/gov/nist/math/jama/1.0.3/jama-1.0.3.jar:"/>
    <property name="java.vm.vendor" value="Oracle Corporation"/>
    <property name="sun.arch.data.model" value="64"/>
    <property name="java.vendor.url" value="http://java.oracle.com/"/>
    <property name="user.timezone" value=""/>
    <property name="java.vm.specification.version" value="1.8"/>
    <property name="os.name" value="Linux"/>
    <property name="user.country" value="GB"/>
    <property name="sun.java.launcher" value="SUN_STANDARD"/>
    <property name="testName" value=""/>
    <property name="sun.boot.library.path" value="/usr/local/jdk1.8.0_161/jre/lib/amd64"/>
    <property name="sun.java.command" value="/cs/home/yk30/Documents/cs3052/CS3052p1/practical1/target/surefire/surefirebooter3146725053113215939.jar /cs/home/yk30/Documents/cs3052/CS3052p1/practical1/target/surefire 2018-03-12T12-51-52_609-jvmRun1 surefire8489222537890177548tmp surefire_0216289828253201197tmp"/>
    <property name="test" value="BasicMultiplierTest"/>
    <property name="surefire.test.class.path" value="/cs/home/yk30/Documents/cs3052/CS3052p1/practical1/target/test-classes:/cs/home/yk30/Documents/cs3052/CS3052p1/practical1/target/classes:/cs/home/yk30/.m2/repository/junit/junit/4.12/junit-4.12.jar:/cs/home/yk30/.m2/repository/org/hamcrest/hamcrest-core/1.3/hamcrest-core-1.3.jar:/cs/home/yk30/.m2/repository/com/carrotsearch/junit-benchmarks/0.7.2/junit-benchmarks-0.7.2.jar:/cs/home/yk30/.m2/repository/pl/pragmatists/JUnitParams/1.0.5/JUnitParams-1.0.5.jar:/cs/home/yk30/.m2/repository/com/h2database/h2/1.4.196/h2-1.4.196.jar:/cs/home/yk30/.m2/repository/org/apache/commons/commons-lang3/3.0/commons-lang3-3.0.jar:/cs/home/yk30/.m2/repository/gov/nist/math/jama/1.0.3/jama-1.0.3.jar:"/>
    <property name="sun.cpu.endian" value="little"/>
    <property name="user.home" value="/cs/home/yk30"/>
    <property name="user.language" value="en"/>
    <property name="java.specification.vendor" value="Oracle Corporation"/>
    <property name="matrixType" value=""/>
    <property name="java.home" value="/usr/local/jdk1.8.0_161/jre"/>
    <property name="basedir" value="/cs/home/yk30/Documents/cs3052/CS3052p1/practical1"/>
    <property name="file.separator" value="/"/>
    <property name="line.separator" value="&#10;"/>
    <property name="java.vm.specification.vendor" value="Oracle Corporation"/>
    <property name="java.specification.name" value="Java Platform API Specification"/>
    <property name="java.awt.graphicsenv" value="sun.awt.X11GraphicsEnvironment"/>
    <property name="surefire.real.class.path" value="/cs/home/yk30/Documents/cs3052/CS3052p1/practical1/target/surefire/surefirebooter3146725053113215939.jar"/>
    <property name="sun.boot.class.path" value="/usr/local/jdk1.8.0_161/jre/lib/resources.jar:/usr/local/jdk1.8.0_161/jre/lib/rt.jar:/usr/local/jdk1.8.0_161/jre/lib/sunrsasign.jar:/usr/local/jdk1.8.0_161/jre/lib/jsse.jar:/usr/local/jdk1.8.0_161/jre/lib/jce.jar:/usr/local/jdk1.8.0_161/jre/lib/charsets.jar:/usr/local/jdk1.8.0_161/jre/lib/jfr.jar:/usr/local/jdk1.8.0_161/jre/classes"/>
    <property name="sun.management.compiler" value="HotSpot 64-Bit Tiered Compilers"/>
    <property name="java.runtime.version" value="1.8.0_161-b12"/>
    <property name="user.name" value="yk30"/>
    <property name="sparsity" value=""/>
    <property name="path.separator" value=":"/>
    <property name="os.version" value="4.15.6-300.fc27.x86_64"/>
    <property name="java.endorsed.dirs" value="/usr/local/jdk1.8.0_161/jre/lib/endorsed"/>
    <property name="java.runtime.name" value="Java(TM) SE Runtime Environment"/>
    <property name="file.encoding" value="UTF-8"/>
    <property name="java.vm.name" value="Java HotSpot(TM) 64-Bit Server VM"/>
    <property name="localRepository" value="/cs/home/yk30/.m2/repository"/>
    <property name="java.vendor.url.bug" value="http://bugreport.sun.com/bugreport/"/>
    <property name="java.io.tmpdir" value="/tmp"/>
    <property name="java.version" value="1.8.0_161"/>
    <property name="user.dir" value="/cs/home/yk30/Documents/cs3052/CS3052p1/practical1"/>
    <property name="os.arch" value="amd64"/>
    <property name="java.vm.specification.name" value="Java Virtual Machine Specification"/>
    <property name="java.awt.printerjob" value="sun.print.PSPrinterJob"/>
    <property name="sun.os.patch.level" value="unknown"/>
    <property name="java.library.path" value="/cs/home/yk30/usr/lib:/usr/java/packages/lib/amd64:/usr/lib64:/lib64:/lib:/usr/lib"/>
    <property name="java.vm.info" value="mixed mode"/>
    <property name="java.vendor" value="Oracle Corporation"/>
    <property name="java.vm.version" value="25.161-b12"/>
    <property name="java.ext.dirs" value="/usr/local/jdk1.8.0_161/jre/lib/ext:/usr/java/packages/lib/ext"/>
    <property name="sun.io.unicode.encoding" value="UnicodeLittle"/>
    <property name="java.class.version" value="52.0"/>
  </properties>
  <testcase name="testIntMatrixMultiplication[0]" classname="matrixmultiplication.BasicMultiplierTest" time="0.123"/>
  <testcase name="testIntMatrixMultiplication[1]" classname="matrixmultiplication.BasicMultiplierTest" time="0.036"/>
  <testcase name="testIntMatrixMultiplication[2]" classname="matrixmultiplication.BasicMultiplierTest" time="0.034"/>
  <testcase name="testIntMatrixMultiplication[3]" classname="matrixmultiplication.BasicMultiplierTest" time="0.033"/>
  <testcase name="testIntMatrixMultiplication[4]" classname="matrixmultiplication.BasicMultiplierTest" time="0.035"/>
  <testcase name="testIntMatrixMultiplication[5]" classname="matrixmultiplication.BasicMultiplierTest" time="0.033"/>
  <testcase name="testIntMatrixMultiplication[6]" classname="matrixmultiplication.BasicMultiplierTest" time="0.033"/>
  <testcase name="testIntMatrixMultiplication[7]" classname="matrixmultiplication.BasicMultiplierTest" time="0.033"/>
  <testcase name="testIntMatrixMultiplication[8]" classname="matrixmultiplication.BasicMultiplierTest" time="0.033"/>
  <testcase name="testIntMatrixMultiplication[9]" classname="matrixmultiplication.BasicMultiplierTest" time="0.033"/>
  <testcase name="testIntMatrixMultiplication[10]" classname="matrixmultiplication.BasicMultiplierTest" time="0.034"/>
  <testcase name="testIntMatrixMultiplication[11]" classname="matrixmultiplication.BasicMultiplierTest" time="0.034"/>
  <testcase name="testIntMatrixMultiplication[12]" classname="matrixmultiplication.BasicMultiplierTest" time="0.033"/>
  <testcase name="testIntMatrixMultiplication[13]" classname="matrixmultiplication.BasicMultiplierTest" time="0.033"/>
  <testcase name="testIntMatrixMultiplication[14]" classname="matrixmultiplication.BasicMultiplierTest" time="0.033"/>
  <testcase name="testIntMatrixMultiplication[15]" classname="matrixmultiplication.BasicMultiplierTest" time="0.037"/>
  <testcase name="testIntMatrixMultiplication[16]" classname="matrixmultiplication.BasicMultiplierTest" time="0.034"/>
  <testcase name="testIntMatrixMultiplication[17]" classname="matrixmultiplication.BasicMultiplierTest" time="0.033"/>
  <testcase name="testIntMatrixMultiplication[18]" classname="matrixmultiplication.BasicMultiplierTest" time="0.034"/>
  <testcase name="testIntMatrixMultiplication[19]" classname="matrixmultiplication.BasicMultiplierTest" time="0.033"/>
  <testcase name="testIntMatrixMultiplication[20]" classname="matrixmultiplication.BasicMultiplierTest" time="0.057"/>
  <testcase name="testIntMatrixMultiplication[21]" classname="matrixmultiplication.BasicMultiplierTest" time="0.057"/>
  <testcase name="testIntMatrixMultiplication[22]" classname="matrixmultiplication.BasicMultiplierTest" time="0.056"/>
  <testcase name="testIntMatrixMultiplication[23]" classname="matrixmultiplication.BasicMultiplierTest" time="0.055"/>
  <testcase name="testIntMatrixMultiplication[24]" classname="matrixmultiplication.BasicMultiplierTest" time="0.057"/>
  <testcase name="testIntMatrixMultiplication[25]" classname="matrixmultiplication.BasicMultiplierTest" time="0.057"/>
  <testcase name="testIntMatrixMultiplication[26]" classname="matrixmultiplication.BasicMultiplierTest" time="0.055"/>
  <testcase name="testIntMatrixMultiplication[27]" classname="matrixmultiplication.BasicMultiplierTest" time="0.057"/>
  <testcase name="testIntMatrixMultiplication[28]" classname="matrixmultiplication.BasicMultiplierTest" time="0.059"/>
  <testcase name="testIntMatrixMultiplication[29]" classname="matrixmultiplication.BasicMultiplierTest" time="0.053"/>
  <testcase name="testIntMatrixMultiplication[30]" classname="matrixmultiplication.BasicMultiplierTest" time="0.056"/>
  <testcase name="testIntMatrixMultiplication[31]" classname="matrixmultiplication.BasicMultiplierTest" time="0.056"/>
  <testcase name="testIntMatrixMultiplication[32]" classname="matrixmultiplication.BasicMultiplierTest" time="0.056"/>
  <testcase name="testIntMatrixMultiplication[33]" classname="matrixmultiplication.BasicMultiplierTest" time="0.057"/>
  <testcase name="testIntMatrixMultiplication[34]" classname="matrixmultiplication.BasicMultiplierTest" time="0.058"/>
  <testcase name="testIntMatrixMultiplication[35]" classname="matrixmultiplication.BasicMultiplierTest" time="0.057"/>
  <testcase name="testIntMatrixMultiplication[36]" classname="matrixmultiplication.BasicMultiplierTest" time="0.057"/>
  <testcase name="testIntMatrixMultiplication[37]" classname="matrixmultiplication.BasicMultiplierTest" time="0.056"/>
  <testcase name="testIntMatrixMultiplication[38]" classname="matrixmultiplication.BasicMultiplierTest" time="0.056"/>
  <testcase name="testIntMatrixMultiplication[39]" classname="matrixmultiplication.BasicMultiplierTest" time="0.057"/>
  <testcase name="testIntMatrixMultiplication[40]" classname="matrixmultiplication.BasicMultiplierTest" time="0.088"/>
  <testcase name="testIntMatrixMultiplication[41]" classname="matrixmultiplication.BasicMultiplierTest" time="0.088"/>
  <testcase name="testIntMatrixMultiplication[42]" classname="matrixmultiplication.BasicMultiplierTest" time="0.086"/>
  <testcase name="testIntMatrixMultiplication[43]" classname="matrixmultiplication.BasicMultiplierTest" time="0.086"/>
  <testcase name="testIntMatrixMultiplication[44]" classname="matrixmultiplication.BasicMultiplierTest" time="0.086"/>
  <testcase name="testIntMatrixMultiplication[45]" classname="matrixmultiplication.BasicMultiplierTest" time="0.086"/>
  <testcase name="testIntMatrixMultiplication[46]" classname="matrixmultiplication.BasicMultiplierTest" time="0.086"/>
  <testcase name="testIntMatrixMultiplication[47]" classname="matrixmultiplication.BasicMultiplierTest" time="0.086"/>
  <testcase name="testIntMatrixMultiplication[48]" classname="matrixmultiplication.BasicMultiplierTest" time="0.09"/>
  <testcase name="testIntMatrixMultiplication[49]" classname="matrixmultiplication.BasicMultiplierTest" time="0.091"/>
  <testcase name="testIntMatrixMultiplication[50]" classname="matrixmultiplication.BasicMultiplierTest" time="0.088"/>
  <testcase name="testIntMatrixMultiplication[51]" classname="matrixmultiplication.BasicMultiplierTest" time="0.086"/>
  <testcase name="testIntMatrixMultiplication[52]" classname="matrixmultiplication.BasicMultiplierTest" time="0.088"/>
  <testcase name="testIntMatrixMultiplication[53]" classname="matrixmultiplication.BasicMultiplierTest" time="0.088"/>
  <testcase name="testIntMatrixMultiplication[54]" classname="matrixmultiplication.BasicMultiplierTest" time="0.087"/>
  <testcase name="testIntMatrixMultiplication[55]" classname="matrixmultiplication.BasicMultiplierTest" time="0.088"/>
  <testcase name="testIntMatrixMultiplication[56]" classname="matrixmultiplication.BasicMultiplierTest" time="0.086"/>
  <testcase name="testIntMatrixMultiplication[57]" classname="matrixmultiplication.BasicMultiplierTest" time="0.086"/>
  <testcase name="testIntMatrixMultiplication[58]" classname="matrixmultiplication.BasicMultiplierTest" time="0.086"/>
  <testcase name="testIntMatrixMultiplication[59]" classname="matrixmultiplication.BasicMultiplierTest" time="0.088"/>
  <testcase name="testIntMatrixMultiplication[60]" classname="matrixmultiplication.BasicMultiplierTest" time="0.124"/>
  <testcase name="testIntMatrixMultiplication[61]" classname="matrixmultiplication.BasicMultiplierTest" time="0.129"/>
  <testcase name="testIntMatrixMultiplication[62]" classname="matrixmultiplication.BasicMultiplierTest" time="0.13"/>
  <testcase name="testIntMatrixMultiplication[63]" classname="matrixmultiplication.BasicMultiplierTest" time="0.128"/>
  <testcase name="testIntMatrixMultiplication[64]" classname="matrixmultiplication.BasicMultiplierTest" time="0.126"/>
  <testcase name="testIntMatrixMultiplication[65]" classname="matrixmultiplication.BasicMultiplierTest" time="0.127"/>
  <testcase name="testIntMatrixMultiplication[66]" classname="matrixmultiplication.BasicMultiplierTest" time="0.128"/>
  <testcase name="testIntMatrixMultiplication[67]" classname="matrixmultiplication.BasicMultiplierTest" time="0.126"/>
  <testcase name="testIntMatrixMultiplication[68]" classname="matrixmultiplication.BasicMultiplierTest" time="0.126"/>
  <testcase name="testIntMatrixMultiplication[69]" classname="matrixmultiplication.BasicMultiplierTest" time="0.127"/>
  <testcase name="testIntMatrixMultiplication[70]" classname="matrixmultiplication.BasicMultiplierTest" time="0.13"/>
  <testcase name="testIntMatrixMultiplication[71]" classname="matrixmultiplication.BasicMultiplierTest" time="0.132"/>
  <testcase name="testIntMatrixMultiplication[72]" classname="matrixmultiplication.BasicMultiplierTest" time="0.124"/>
  <testcase name="testIntMatrixMultiplication[73]" classname="matrixmultiplication.BasicMultiplierTest" time="0.126"/>
  <testcase name="testIntMatrixMultiplication[74]" classname="matrixmultiplication.BasicMultiplierTest" time="0.125"/>
  <testcase name="testIntMatrixMultiplication[75]" classname="matrixmultiplication.BasicMultiplierTest" time="0.126"/>
  <testcase name="testIntMatrixMultiplication[76]" classname="matrixmultiplication.BasicMultiplierTest" time="0.125"/>
  <testcase name="testIntMatrixMultiplication[77]" classname="matrixmultiplication.BasicMultiplierTest" time="0.124"/>
  <testcase name="testIntMatrixMultiplication[78]" classname="matrixmultiplication.BasicMultiplierTest" time="0.126"/>
  <testcase name="testIntMatrixMultiplication[79]" classname="matrixmultiplication.BasicMultiplierTest" time="0.135"/>
  <testcase name="testIntMatrixMultiplication[80]" classname="matrixmultiplication.BasicMultiplierTest" time="0.184"/>
  <testcase name="testIntMatrixMultiplication[81]" classname="matrixmultiplication.BasicMultiplierTest" time="0.175"/>
  <testcase name="testIntMatrixMultiplication[82]" classname="matrixmultiplication.BasicMultiplierTest" time="0.173"/>
  <testcase name="testIntMatrixMultiplication[83]" classname="matrixmultiplication.BasicMultiplierTest" time="0.175"/>
  <testcase name="testIntMatrixMultiplication[84]" classname="matrixmultiplication.BasicMultiplierTest" time="0.177"/>
  <testcase name="testIntMatrixMultiplication[85]" classname="matrixmultiplication.BasicMultiplierTest" time="0.173"/>
  <testcase name="testIntMatrixMultiplication[86]" classname="matrixmultiplication.BasicMultiplierTest" time="0.178"/>
  <testcase name="testIntMatrixMultiplication[87]" classname="matrixmultiplication.BasicMultiplierTest" time="0.184"/>
  <testcase name="testIntMatrixMultiplication[88]" classname="matrixmultiplication.BasicMultiplierTest" time="0.177"/>
  <testcase name="testIntMatrixMultiplication[89]" classname="matrixmultiplication.BasicMultiplierTest" time="0.175"/>
  <testcase name="testIntMatrixMultiplication[90]" classname="matrixmultiplication.BasicMultiplierTest" time="0.178"/>
  <testcase name="testIntMatrixMultiplication[91]" classname="matrixmultiplication.BasicMultiplierTest" time="0.172"/>
  <testcase name="testIntMatrixMultiplication[92]" classname="matrixmultiplication.BasicMultiplierTest" time="0.174"/>
  <testcase name="testIntMatrixMultiplication[93]" classname="matrixmultiplication.BasicMultiplierTest" time="0.177"/>
  <testcase name="testIntMatrixMultiplication[94]" classname="matrixmultiplication.BasicMultiplierTest" time="0.175"/>
  <testcase name="testIntMatrixMultiplication[95]" classname="matrixmultiplication.BasicMultiplierTest" time="0.175"/>
  <testcase name="testIntMatrixMultiplication[96]" classname="matrixmultiplication.BasicMultiplierTest" time="0.177"/>
  <testcase name="testIntMatrixMultiplication[97]" classname="matrixmultiplication.BasicMultiplierTest" time="0.176"/>
  <testcase name="testIntMatrixMultiplication[98]" classname="matrixmultiplication.BasicMultiplierTest" time="0.175"/>
  <testcase name="testIntMatrixMultiplication[99]" classname="matrixmultiplication.BasicMultiplierTest" time="0.178"/>
  <testcase name="testIntMatrixMultiplication[100]" classname="matrixmultiplication.BasicMultiplierTest" time="0.238"/>
  <testcase name="testIntMatrixMultiplication[101]" classname="matrixmultiplication.BasicMultiplierTest" time="0.237"/>
  <testcase name="testIntMatrixMultiplication[102]" classname="matrixmultiplication.BasicMultiplierTest" time="0.239"/>
  <testcase name="testIntMatrixMultiplication[103]" classname="matrixmultiplication.BasicMultiplierTest" time="0.232"/>
  <testcase name="testIntMatrixMultiplication[104]" classname="matrixmultiplication.BasicMultiplierTest" time="0.233"/>
  <testcase name="testIntMatrixMultiplication[105]" classname="matrixmultiplication.BasicMultiplierTest" time="0.24"/>
  <testcase name="testIntMatrixMultiplication[106]" classname="matrixmultiplication.BasicMultiplierTest" time="0.235"/>
  <testcase name="testIntMatrixMultiplication[107]" classname="matrixmultiplication.BasicMultiplierTest" time="0.23"/>
  <testcase name="testIntMatrixMultiplication[108]" classname="matrixmultiplication.BasicMultiplierTest" time="0.231"/>
  <testcase name="testIntMatrixMultiplication[109]" classname="matrixmultiplication.BasicMultiplierTest" time="0.238"/>
  <testcase name="testIntMatrixMultiplication[110]" classname="matrixmultiplication.BasicMultiplierTest" time="0.242"/>
  <testcase name="testIntMatrixMultiplication[111]" classname="matrixmultiplication.BasicMultiplierTest" time="0.236"/>
  <testcase name="testIntMatrixMultiplication[112]" classname="matrixmultiplication.BasicMultiplierTest" time="0.232"/>
  <testcase name="testIntMatrixMultiplication[113]" classname="matrixmultiplication.BasicMultiplierTest" time="0.235"/>
  <testcase name="testIntMatrixMultiplication[114]" classname="matrixmultiplication.BasicMultiplierTest" time="0.249"/>
  <testcase name="testIntMatrixMultiplication[115]" classname="matrixmultiplication.BasicMultiplierTest" time="0.242"/>
  <testcase name="testIntMatrixMultiplication[116]" classname="matrixmultiplication.BasicMultiplierTest" time="0.237"/>
  <testcase name="testIntMatrixMultiplication[117]" classname="matrixmultiplication.BasicMultiplierTest" time="0.236"/>
  <testcase name="testIntMatrixMultiplication[118]" classname="matrixmultiplication.BasicMultiplierTest" time="0.239"/>
  <testcase name="testIntMatrixMultiplication[119]" classname="matrixmultiplication.BasicMultiplierTest" time="0.235"/>
  <testcase name="testIntMatrixMultiplication[120]" classname="matrixmultiplication.BasicMultiplierTest" time="0.307"/>
  <testcase name="testIntMatrixMultiplication[121]" classname="matrixmultiplication.BasicMultiplierTest" time="0.307"/>
  <testcase name="testIntMatrixMultiplication[122]" classname="matrixmultiplication.BasicMultiplierTest" time="0.311"/>
  <testcase name="testIntMatrixMultiplication[123]" classname="matrixmultiplication.BasicMultiplierTest" time="0.297"/>
  <testcase name="testIntMatrixMultiplication[124]" classname="matrixmultiplication.BasicMultiplierTest" time="0.305"/>
  <testcase name="testIntMatrixMultiplication[125]" classname="matrixmultiplication.BasicMultiplierTest" time="0.326"/>
  <testcase name="testIntMatrixMultiplication[126]" classname="matrixmultiplication.BasicMultiplierTest" time="0.308"/>
  <testcase name="testIntMatrixMultiplication[127]" classname="matrixmultiplication.BasicMultiplierTest" time="0.308"/>
  <testcase name="testIntMatrixMultiplication[128]" classname="matrixmultiplication.BasicMultiplierTest" time="0.303"/>
  <testcase name="testIntMatrixMultiplication[129]" classname="matrixmultiplication.BasicMultiplierTest" time="0.305"/>
  <testcase name="testIntMatrixMultiplication[130]" classname="matrixmultiplication.BasicMultiplierTest" time="0.313"/>
  <testcase name="testIntMatrixMultiplication[131]" classname="matrixmultiplication.BasicMultiplierTest" time="0.317"/>
  <testcase name="testIntMatrixMultiplication[132]" classname="matrixmultiplication.BasicMultiplierTest" time="0.304"/>
  <testcase name="testIntMatrixMultiplication[133]" classname="matrixmultiplication.BasicMultiplierTest" time="0.303"/>
  <testcase name="testIntMatrixMultiplication[134]" classname="matrixmultiplication.BasicMultiplierTest" time="0.319"/>
  <testcase name="testIntMatrixMultiplication[135]" classname="matrixmultiplication.BasicMultiplierTest" time="0.307"/>
  <testcase name="testIntMatrixMultiplication[136]" classname="matrixmultiplication.BasicMultiplierTest" time="0.299"/>
  <testcase name="testIntMatrixMultiplication[137]" classname="matrixmultiplication.BasicMultiplierTest" time="0.298"/>
  <testcase name="testIntMatrixMultiplication[138]" classname="matrixmultiplication.BasicMultiplierTest" time="0.311"/>
  <testcase name="testIntMatrixMultiplication[139]" classname="matrixmultiplication.BasicMultiplierTest" time="0.304"/>
  <testcase name="testIntMatrixMultiplication[140]" classname="matrixmultiplication.BasicMultiplierTest" time="0.384"/>
  <testcase name="testIntMatrixMultiplication[141]" classname="matrixmultiplication.BasicMultiplierTest" time="0.395"/>
  <testcase name="testIntMatrixMultiplication[142]" classname="matrixmultiplication.BasicMultiplierTest" time="0.394"/>
  <testcase name="testIntMatrixMultiplication[143]" classname="matrixmultiplication.BasicMultiplierTest" time="0.39"/>
  <testcase name="testIntMatrixMultiplication[144]" classname="matrixmultiplication.BasicMultiplierTest" time="0.388"/>
  <testcase name="testIntMatrixMultiplication[145]" classname="matrixmultiplication.BasicMultiplierTest" time="0.395"/>
  <testcase name="testIntMatrixMultiplication[146]" classname="matrixmultiplication.BasicMultiplierTest" time="0.389"/>
  <testcase name="testIntMatrixMultiplication[147]" classname="matrixmultiplication.BasicMultiplierTest" time="0.387"/>
  <testcase name="testIntMatrixMultiplication[148]" classname="matrixmultiplication.BasicMultiplierTest" time="0.397"/>
  <testcase name="testIntMatrixMultiplication[149]" classname="matrixmultiplication.BasicMultiplierTest" time="0.399"/>
  <testcase name="testIntMatrixMultiplication[150]" classname="matrixmultiplication.BasicMultiplierTest" time="0.394"/>
  <testcase name="testIntMatrixMultiplication[151]" classname="matrixmultiplication.BasicMultiplierTest" time="0.403"/>
  <testcase name="testIntMatrixMultiplication[152]" classname="matrixmultiplication.BasicMultiplierTest" time="0.391"/>
  <testcase name="testIntMatrixMultiplication[153]" classname="matrixmultiplication.BasicMultiplierTest" time="0.396"/>
  <testcase name="testIntMatrixMultiplication[154]" classname="matrixmultiplication.BasicMultiplierTest" time="0.404"/>
  <testcase name="testIntMatrixMultiplication[155]" classname="matrixmultiplication.BasicMultiplierTest" time="0.402"/>
  <testcase name="testIntMatrixMultiplication[156]" classname="matrixmultiplication.BasicMultiplierTest" time="0.398"/>
  <testcase name="testIntMatrixMultiplication[157]" classname="matrixmultiplication.BasicMultiplierTest" time="0.406"/>
  <testcase name="testIntMatrixMultiplication[158]" classname="matrixmultiplication.BasicMultiplierTest" time="0.472"/>
  <testcase name="testIntMatrixMultiplication[159]" classname="matrixmultiplication.BasicMultiplierTest" time="0.505"/>
  <testcase name="testIntMatrixMultiplication[160]" classname="matrixmultiplication.BasicMultiplierTest" time="0.612"/>
  <testcase name="testIntMatrixMultiplication[161]" classname="matrixmultiplication.BasicMultiplierTest" time="0.567"/>
  <testcase name="testIntMatrixMultiplication[162]" classname="matrixmultiplication.BasicMultiplierTest" time="0.567"/>
  <testcase name="testIntMatrixMultiplication[163]" classname="matrixmultiplication.BasicMultiplierTest" time="0.602"/>
  <testcase name="testIntMatrixMultiplication[164]" classname="matrixmultiplication.BasicMultiplierTest" time="0.542"/>
  <testcase name="testIntMatrixMultiplication[165]" classname="matrixmultiplication.BasicMultiplierTest" time="0.579"/>
  <testcase name="testIntMatrixMultiplication[166]" classname="matrixmultiplication.BasicMultiplierTest" time="0.617"/>
  <testcase name="testIntMatrixMultiplication[167]" classname="matrixmultiplication.BasicMultiplierTest" time="0.609"/>
  <testcase name="testIntMatrixMultiplication[168]" classname="matrixmultiplication.BasicMultiplierTest" time="0.62"/>
  <testcase name="testIntMatrixMultiplication[169]" classname="matrixmultiplication.BasicMultiplierTest" time="0.583"/>
  <testcase name="testIntMatrixMultiplication[170]" classname="matrixmultiplication.BasicMultiplierTest" time="0.664"/>
  <testcase name="testIntMatrixMultiplication[171]" classname="matrixmultiplication.BasicMultiplierTest" time="0.616"/>
  <testcase name="testIntMatrixMultiplication[172]" classname="matrixmultiplication.BasicMultiplierTest" time="0.558"/>
  <testcase name="testIntMatrixMultiplication[173]" classname="matrixmultiplication.BasicMultiplierTest" time="0.546"/>
  <testcase name="testIntMatrixMultiplication[174]" classname="matrixmultiplication.BasicMultiplierTest" time="0.574"/>
  <testcase name="testIntMatrixMultiplication[175]" classname="matrixmultiplication.BasicMultiplierTest" time="0.542"/>
  <testcase name="testIntMatrixMultiplication[176]" classname="matrixmultiplication.BasicMultiplierTest" time="0.625"/>
  <testcase name="testIntMatrixMultiplication[177]" classname="matrixmultiplication.BasicMultiplierTest" time="0.628"/>
  <testcase name="testIntMatrixMultiplication[178]" classname="matrixmultiplication.BasicMultiplierTest" time="0.665"/>
  <testcase name="testIntMatrixMultiplication[179]" classname="matrixmultiplication.BasicMultiplierTest" time="0.663"/>
  <testcase name="testIntMatrixMultiplication[180]" classname="matrixmultiplication.BasicMultiplierTest" time="0.657"/>
  <testcase name="testIntMatrixMultiplication[181]" classname="matrixmultiplication.BasicMultiplierTest" time="0.637"/>
  <testcase name="testIntMatrixMultiplication[182]" classname="matrixmultiplication.BasicMultiplierTest" time="0.649"/>
  <testcase name="testIntMatrixMultiplication[183]" classname="matrixmultiplication.BasicMultiplierTest" time="0.639"/>
  <testcase name="testIntMatrixMultiplication[184]" classname="matrixmultiplication.BasicMultiplierTest" time="0.641"/>
  <testcase name="testIntMatrixMultiplication[185]" classname="matrixmultiplication.BasicMultiplierTest" time="0.652"/>
  <testcase name="testIntMatrixMultiplication[186]" classname="matrixmultiplication.BasicMultiplierTest" time="0.63"/>
  <testcase name="testIntMatrixMultiplication[187]" classname="matrixmultiplication.BasicMultiplierTest" time="0.679"/>
  <testcase name="testIntMatrixMultiplication[188]" classname="matrixmultiplication.BasicMultiplierTest" time="0.688"/>
  <testcase name="testIntMatrixMultiplication[189]" classname="matrixmultiplication.BasicMultiplierTest" time="0.653"/>
  <testcase name="testIntMatrixMultiplication[190]" classname="matrixmultiplication.BasicMultiplierTest" time="0.707"/>
  <testcase name="testIntMatrixMultiplication[191]" classname="matrixmultiplication.BasicMultiplierTest" time="0.676"/>
  <testcase name="testIntMatrixMultiplication[192]" classname="matrixmultiplication.BasicMultiplierTest" time="0.727"/>
  <testcase name="testIntMatrixMultiplication[193]" classname="matrixmultiplication.BasicMultiplierTest" time="0.743"/>
  <testcase name="testIntMatrixMultiplication[194]" classname="matrixmultiplication.BasicMultiplierTest" time="0.927"/>
  <testcase name="testIntMatrixMultiplication[195]" classname="matrixmultiplication.BasicMultiplierTest" time="0.879"/>
  <testcase name="testIntMatrixMultiplication[196]" classname="matrixmultiplication.BasicMultiplierTest" time="0.737"/>
  <testcase name="testIntMatrixMultiplication[197]" classname="matrixmultiplication.BasicMultiplierTest" time="0.75"/>
  <testcase name="testIntMatrixMultiplication[198]" classname="matrixmultiplication.BasicMultiplierTest" time="0.687"/>
  <testcase name="testIntMatrixMultiplication[199]" classname="matrixmultiplication.BasicMultiplierTest" time="0.706"/>
  <testcase name="testIntMatrixMultiplication[200]" classname="matrixmultiplication.BasicMultiplierTest" time="0.803"/>
  <testcase name="testIntMatrixMultiplication[201]" classname="matrixmultiplication.BasicMultiplierTest" time="0.857"/>
  <testcase name="testIntMatrixMultiplication[202]" classname="matrixmultiplication.BasicMultiplierTest" time="0.858"/>
  <testcase name="testIntMatrixMultiplication[203]" classname="matrixmultiplication.BasicMultiplierTest" time="0.807"/>
  <testcase name="testIntMatrixMultiplication[204]" classname="matrixmultiplication.BasicMultiplierTest" time="0.796"/>
  <testcase name="testIntMatrixMultiplication[205]" classname="matrixmultiplication.BasicMultiplierTest" time="0.778"/>
  <testcase name="testIntMatrixMultiplication[206]" classname="matrixmultiplication.BasicMultiplierTest" time="0.787"/>
  <testcase name="testIntMatrixMultiplication[207]" classname="matrixmultiplication.BasicMultiplierTest" time="0.779"/>
  <testcase name="testIntMatrixMultiplication[208]" classname="matrixmultiplication.BasicMultiplierTest" time="0.943"/>
  <testcase name="testIntMatrixMultiplication[209]" classname="matrixmultiplication.BasicMultiplierTest" time="0.788"/>
  <testcase name="testIntMatrixMultiplication[210]" classname="matrixmultiplication.BasicMultiplierTest" time="0.778"/>
  <testcase name="testIntMatrixMultiplication[211]" classname="matrixmultiplication.BasicMultiplierTest" time="0.754"/>
  <testcase name="testIntMatrixMultiplication[212]" classname="matrixmultiplication.BasicMultiplierTest" time="0.775"/>
  <testcase name="testIntMatrixMultiplication[213]" classname="matrixmultiplication.BasicMultiplierTest" time="0.777"/>
  <testcase name="testIntMatrixMultiplication[214]" classname="matrixmultiplication.BasicMultiplierTest" time="0.778"/>
  <testcase name="testIntMatrixMultiplication[215]" classname="matrixmultiplication.BasicMultiplierTest" time="0.79"/>
  <testcase name="testIntMatrixMultiplication[216]" classname="matrixmultiplication.BasicMultiplierTest" time="0.786"/>
  <testcase name="testIntMatrixMultiplication[217]" classname="matrixmultiplication.BasicMultiplierTest" time="0.765"/>
  <testcase name="testIntMatrixMultiplication[218]" classname="matrixmultiplication.BasicMultiplierTest" time="0.78"/>
  <testcase name="testIntMatrixMultiplication[219]" classname="matrixmultiplication.BasicMultiplierTest" time="0.753"/>
  <testcase name="testIntMatrixMultiplication[220]" classname="matrixmultiplication.BasicMultiplierTest" time="0.954"/>
  <testcase name="testIntMatrixMultiplication[221]" classname="matrixmultiplication.BasicMultiplierTest" time="0.929"/>
  <testcase name="testIntMatrixMultiplication[222]" classname="matrixmultiplication.BasicMultiplierTest" time="0.953"/>
  <testcase name="testIntMatrixMultiplication[223]" classname="matrixmultiplication.BasicMultiplierTest" time="0.924"/>
  <testcase name="testIntMatrixMultiplication[224]" classname="matrixmultiplication.BasicMultiplierTest" time="0.957"/>
  <testcase name="testIntMatrixMultiplication[225]" classname="matrixmultiplication.BasicMultiplierTest" time="0.952"/>
  <testcase name="testIntMatrixMultiplication[226]" classname="matrixmultiplication.BasicMultiplierTest" time="1.008"/>
  <testcase name="testIntMatrixMultiplication[227]" classname="matrixmultiplication.BasicMultiplierTest" time="0.972"/>
  <testcase name="testIntMatrixMultiplication[228]" classname="matrixmultiplication.BasicMultiplierTest" time="0.982"/>
  <testcase name="testIntMatrixMultiplication[229]" classname="matrixmultiplication.BasicMultiplierTest" time="0.952"/>
  <testcase name="testIntMatrixMultiplication[230]" classname="matrixmultiplication.BasicMultiplierTest" time="0.955"/>
  <testcase name="testIntMatrixMultiplication[231]" classname="matrixmultiplication.BasicMultiplierTest" time="0.947"/>
  <testcase name="testIntMatrixMultiplication[232]" classname="matrixmultiplication.BasicMultiplierTest" time="0.976"/>
  <testcase name="testIntMatrixMultiplication[233]" classname="matrixmultiplication.BasicMultiplierTest" time="0.92"/>
  <testcase name="testIntMatrixMultiplication[234]" classname="matrixmultiplication.BasicMultiplierTest" time="0.976"/>
  <testcase name="testIntMatrixMultiplication[235]" classname="matrixmultiplication.BasicMultiplierTest" time="0.976"/>
  <testcase name="testIntMatrixMultiplication[236]" classname="matrixmultiplication.BasicMultiplierTest" time="0.974"/>
  <testcase name="testIntMatrixMultiplication[237]" classname="matrixmultiplication.BasicMultiplierTest" time="0.91"/>
  <testcase name="testIntMatrixMultiplication[238]" classname="matrixmultiplication.BasicMultiplierTest" time="0.97"/>
  <testcase name="testIntMatrixMultiplication[239]" classname="matrixmultiplication.BasicMultiplierTest" time="0.933"/>
  <testcase name="testIntMatrixMultiplication[240]" classname="matrixmultiplication.BasicMultiplierTest" time="1.153"/>
  <testcase name="testIntMatrixMultiplication[241]" classname="matrixmultiplication.BasicMultiplierTest" time="1.149"/>
  <testcase name="testIntMatrixMultiplication[242]" classname="matrixmultiplication.BasicMultiplierTest" time="1.162"/>
  <testcase name="testIntMatrixMultiplication[243]" classname="matrixmultiplication.BasicMultiplierTest" time="1.161"/>
  <testcase name="testIntMatrixMultiplication[244]" classname="matrixmultiplication.BasicMultiplierTest" time="1.116"/>
  <testcase name="testIntMatrixMultiplication[245]" classname="matrixmultiplication.BasicMultiplierTest" time="1.145"/>
  <testcase name="testIntMatrixMultiplication[246]" classname="matrixmultiplication.BasicMultiplierTest" time="1.13"/>
  <testcase name="testIntMatrixMultiplication[247]" classname="matrixmultiplication.BasicMultiplierTest" time="1.173"/>
  <testcase name="testIntMatrixMultiplication[248]" classname="matrixmultiplication.BasicMultiplierTest" time="1.266"/>
  <testcase name="testIntMatrixMultiplication[249]" classname="matrixmultiplication.BasicMultiplierTest" time="1.2"/>
  <testcase name="testIntMatrixMultiplication[250]" classname="matrixmultiplication.BasicMultiplierTest" time="1.254"/>
  <testcase name="testIntMatrixMultiplication[251]" classname="matrixmultiplication.BasicMultiplierTest" time="1.177"/>
  <testcase name="testIntMatrixMultiplication[252]" classname="matrixmultiplication.BasicMultiplierTest" time="1.263"/>
  <testcase name="testIntMatrixMultiplication[253]" classname="matrixmultiplication.BasicMultiplierTest" time="1.179"/>
  <testcase name="testIntMatrixMultiplication[254]" classname="matrixmultiplication.BasicMultiplierTest" time="1.225"/>
  <testcase name="testIntMatrixMultiplication[255]" classname="matrixmultiplication.BasicMultiplierTest" time="1.126"/>
  <testcase name="testIntMatrixMultiplication[256]" classname="matrixmultiplication.BasicMultiplierTest" time="1.205"/>
  <testcase name="testIntMatrixMultiplication[257]" classname="matrixmultiplication.BasicMultiplierTest" time="1.173"/>
  <testcase name="testIntMatrixMultiplication[258]" classname="matrixmultiplication.BasicMultiplierTest" time="1.171"/>
  <testcase name="testIntMatrixMultiplication[259]" classname="matrixmultiplication.BasicMultiplierTest" time="1.212"/>
  <testcase name="testIntMatrixMultiplication[260]" classname="matrixmultiplication.BasicMultiplierTest" time="1.454"/>
  <testcase name="testIntMatrixMultiplication[261]" classname="matrixmultiplication.BasicMultiplierTest" time="1.372"/>
  <testcase name="testIntMatrixMultiplication[262]" classname="matrixmultiplication.BasicMultiplierTest" time="1.383"/>
  <testcase name="testIntMatrixMultiplication[263]" classname="matrixmultiplication.BasicMultiplierTest" time="1.381"/>
  <testcase name="testIntMatrixMultiplication[264]" classname="matrixmultiplication.BasicMultiplierTest" time="1.417"/>
  <testcase name="testIntMatrixMultiplication[265]" classname="matrixmultiplication.BasicMultiplierTest" time="1.495"/>
  <testcase name="testIntMatrixMultiplication[266]" classname="matrixmultiplication.BasicMultiplierTest" time="1.441"/>
  <testcase name="testIntMatrixMultiplication[267]" classname="matrixmultiplication.BasicMultiplierTest" time="1.411"/>
  <testcase name="testIntMatrixMultiplication[268]" classname="matrixmultiplication.BasicMultiplierTest" time="1.451"/>
  <testcase name="testIntMatrixMultiplication[269]" classname="matrixmultiplication.BasicMultiplierTest" time="1.441"/>
  <testcase name="testIntMatrixMultiplication[270]" classname="matrixmultiplication.BasicMultiplierTest" time="1.689"/>
  <testcase name="testIntMatrixMultiplication[271]" classname="matrixmultiplication.BasicMultiplierTest" time="1.977"/>
  <testcase name="testIntMatrixMultiplication[272]" classname="matrixmultiplication.BasicMultiplierTest" time="1.621"/>
  <testcase name="testIntMatrixMultiplication[273]" classname="matrixmultiplication.BasicMultiplierTest" time="1.485"/>
  <testcase name="testIntMatrixMultiplication[274]" classname="matrixmultiplication.BasicMultiplierTest" time="1.479"/>
  <testcase name="testIntMatrixMultiplication[275]" classname="matrixmultiplication.BasicMultiplierTest" time="1.519"/>
  <testcase name="testIntMatrixMultiplication[276]" classname="matrixmultiplication.BasicMultiplierTest" time="1.47"/>
  <testcase name="testIntMatrixMultiplication[277]" classname="matrixmultiplication.BasicMultiplierTest" time="1.546"/>
  <testcase name="testIntMatrixMultiplication[278]" classname="matrixmultiplication.BasicMultiplierTest" time="1.557"/>
  <testcase name="testIntMatrixMultiplication[279]" classname="matrixmultiplication.BasicMultiplierTest" time="1.515"/>
  <testcase name="testIntMatrixMultiplication[280]" classname="matrixmultiplication.BasicMultiplierTest" time="1.819"/>
  <testcase name="testIntMatrixMultiplication[281]" classname="matrixmultiplication.BasicMultiplierTest" time="1.771"/>
  <testcase name="testIntMatrixMultiplication[282]" classname="matrixmultiplication.BasicMultiplierTest" time="2.189"/>
  <testcase name="testIntMatrixMultiplication[283]" classname="matrixmultiplication.BasicMultiplierTest" time="1.771"/>
  <testcase name="testIntMatrixMultiplication[284]" classname="matrixmultiplication.BasicMultiplierTest" time="1.858"/>
  <testcase name="testIntMatrixMultiplication[285]" classname="matrixmultiplication.BasicMultiplierTest" time="1.802"/>
  <testcase name="testIntMatrixMultiplication[286]" classname="matrixmultiplication.BasicMultiplierTest" time="1.779"/>
  <testcase name="testIntMatrixMultiplication[287]" classname="matrixmultiplication.BasicMultiplierTest" time="3.326"/>
  <testcase name="testIntMatrixMultiplication[288]" classname="matrixmultiplication.BasicMultiplierTest" time="3.313"/>
  <testcase name="testIntMatrixMultiplication[289]" classname="matrixmultiplication.BasicMultiplierTest" time="3.065"/>
  <testcase name="testIntMatrixMultiplication[290]" classname="matrixmultiplication.BasicMultiplierTest" time="3.091"/>
  <testcase name="testIntMatrixMultiplication[291]" classname="matrixmultiplication.BasicMultiplierTest" time="3.067"/>
  <testcase name="testIntMatrixMultiplication[292]" classname="matrixmultiplication.BasicMultiplierTest" time="2.914"/>
  <testcase name="testIntMatrixMultiplication[293]" classname="matrixmultiplication.BasicMultiplierTest" time="3.391"/>
  <testcase name="testIntMatrixMultiplication[294]" classname="matrixmultiplication.BasicMultiplierTest" time="3.099"/>
  <testcase name="testIntMatrixMultiplication[295]" classname="matrixmultiplication.BasicMultiplierTest" time="3.227"/>
  <testcase name="testIntMatrixMultiplication[296]" classname="matrixmultiplication.BasicMultiplierTest" time="2.441"/>
  <testcase name="testIntMatrixMultiplication[297]" classname="matrixmultiplication.BasicMultiplierTest" time="3.245"/>
  <testcase name="testIntMatrixMultiplication[298]" classname="matrixmultiplication.BasicMultiplierTest" time="3.067"/>
  <testcase name="testIntMatrixMultiplication[299]" classname="matrixmultiplication.BasicMultiplierTest" time="3.172"/>
</testsuite>